{"/Users/ivelinakostadinova/Desktop/Work/movies/src/api/apiUtils.js": {"path":"/Users/ivelinakostadinova/Desktop/Work/movies/src/api/apiUtils.js","statementMap":{"0":{"start":{"line":2,"column":2},"end":{"line":2,"column":42}},"1":{"start":{"line":2,"column":19},"end":{"line":2,"column":42}},"2":{"start":{"line":3,"column":2},"end":{"line":8,"column":3}},"3":{"start":{"line":6,"column":18},"end":{"line":6,"column":39}},"4":{"start":{"line":7,"column":4},"end":{"line":7,"column":27}},"5":{"start":{"line":9,"column":2},"end":{"line":9,"column":50}},"6":{"start":{"line":15,"column":2},"end":{"line":15,"column":43}},"7":{"start":{"line":16,"column":2},"end":{"line":16,"column":14}}},"fnMap":{"0":{"name":"handleResponse","decl":{"start":{"line":1,"column":22},"end":{"line":1,"column":36}},"loc":{"start":{"line":1,"column":47},"end":{"line":10,"column":1}},"line":1},"1":{"name":"handleError","decl":{"start":{"line":13,"column":16},"end":{"line":13,"column":27}},"loc":{"start":{"line":13,"column":35},"end":{"line":17,"column":1}},"line":13}},"branchMap":{"0":{"loc":{"start":{"line":2,"column":2},"end":{"line":2,"column":42}},"type":"if","locations":[{"start":{"line":2,"column":2},"end":{"line":2,"column":42}},{"start":{"line":2,"column":2},"end":{"line":2,"column":42}}],"line":2},"1":{"loc":{"start":{"line":3,"column":2},"end":{"line":8,"column":3}},"type":"if","locations":[{"start":{"line":3,"column":2},"end":{"line":8,"column":3}},{"start":{"line":3,"column":2},"end":{"line":8,"column":3}}],"line":3}},"s":{"0":5,"1":5,"2":0,"3":0,"4":0,"5":0,"6":5,"7":5},"f":{"0":5,"1":5},"b":{"0":[5,0],"1":[0,0]},"_coverageSchema":"1a1c01bbd47fc00a2c39e90264f33305004495a9","hash":"64282b1f6e05bb3a0807be3d7c38aeae976cd1aa"}
,"/Users/ivelinakostadinova/Desktop/Work/movies/src/api/movieApi.js": {"path":"/Users/ivelinakostadinova/Desktop/Work/movies/src/api/movieApi.js","statementMap":{"0":{"start":{"line":3,"column":16},"end":{"line":3,"column":47}},"1":{"start":{"line":6,"column":20},"end":{"line":6,"column":22}},"2":{"start":{"line":7,"column":19},"end":{"line":7,"column":21}},"3":{"start":{"line":8,"column":21},"end":{"line":8,"column":23}},"4":{"start":{"line":9,"column":21},"end":{"line":9,"column":23}},"5":{"start":{"line":11,"column":2},"end":{"line":14,"column":3}},"6":{"start":{"line":12,"column":4},"end":{"line":12,"column":43}},"7":{"start":{"line":13,"column":4},"end":{"line":13,"column":36}},"8":{"start":{"line":16,"column":2},"end":{"line":18,"column":3}},"9":{"start":{"line":17,"column":4},"end":{"line":17,"column":47}},"10":{"start":{"line":20,"column":2},"end":{"line":23,"column":3}},"11":{"start":{"line":21,"column":4},"end":{"line":21,"column":47}},"12":{"start":{"line":22,"column":4},"end":{"line":22,"column":38}},"13":{"start":{"line":25,"column":2},"end":{"line":25,"column":69}},"14":{"start":{"line":27,"column":2},"end":{"line":29,"column":24}},"15":{"start":{"line":34,"column":2},"end":{"line":36,"column":24}},"16":{"start":{"line":40,"column":2},"end":{"line":46,"column":24}},"17":{"start":{"line":51,"column":2},"end":{"line":53,"column":24}}},"fnMap":{"0":{"name":"getMovies","decl":{"start":{"line":5,"column":16},"end":{"line":5,"column":25}},"loc":{"start":{"line":5,"column":54},"end":{"line":30,"column":1}},"line":5},"1":{"name":"getMovie","decl":{"start":{"line":32,"column":16},"end":{"line":32,"column":24}},"loc":{"start":{"line":32,"column":34},"end":{"line":37,"column":1}},"line":32},"2":{"name":"saveMovie","decl":{"start":{"line":39,"column":16},"end":{"line":39,"column":25}},"loc":{"start":{"line":39,"column":33},"end":{"line":47,"column":1}},"line":39},"3":{"name":"deleteMovie","decl":{"start":{"line":49,"column":16},"end":{"line":49,"column":27}},"loc":{"start":{"line":49,"column":37},"end":{"line":54,"column":1}},"line":49}},"branchMap":{"0":{"loc":{"start":{"line":11,"column":2},"end":{"line":14,"column":3}},"type":"if","locations":[{"start":{"line":11,"column":2},"end":{"line":14,"column":3}},{"start":{"line":11,"column":2},"end":{"line":14,"column":3}}],"line":11},"1":{"loc":{"start":{"line":16,"column":2},"end":{"line":18,"column":3}},"type":"if","locations":[{"start":{"line":16,"column":2},"end":{"line":18,"column":3}},{"start":{"line":16,"column":2},"end":{"line":18,"column":3}}],"line":16},"2":{"loc":{"start":{"line":20,"column":2},"end":{"line":23,"column":3}},"type":"if","locations":[{"start":{"line":20,"column":2},"end":{"line":23,"column":3}},{"start":{"line":20,"column":2},"end":{"line":23,"column":3}}],"line":20},"3":{"loc":{"start":{"line":41,"column":12},"end":{"line":41,"column":37}},"type":"cond-expr","locations":[{"start":{"line":41,"column":23},"end":{"line":41,"column":28}},{"start":{"line":41,"column":31},"end":{"line":41,"column":37}}],"line":41}},"s":{"0":6,"1":2,"2":2,"3":2,"4":2,"5":2,"6":2,"7":2,"8":2,"9":2,"10":2,"11":0,"12":0,"13":2,"14":2,"15":2,"16":4,"17":2},"f":{"0":2,"1":2,"2":4,"3":2},"b":{"0":[2,0],"1":[2,0],"2":[0,2],"3":[2,2]},"_coverageSchema":"1a1c01bbd47fc00a2c39e90264f33305004495a9","hash":"f59c15c1544f1a5753211748b35d2407e3b9d7b5"}
,"/Users/ivelinakostadinova/Desktop/Work/movies/src/components/actions/Actions.js": {"path":"/Users/ivelinakostadinova/Desktop/Work/movies/src/components/actions/Actions.js","statementMap":{"0":{"start":{"line":7,"column":16},"end":{"line":40,"column":1}},"1":{"start":{"line":8,"column":44},"end":{"line":8,"column":58}},"2":{"start":{"line":10,"column":23},"end":{"line":12,"column":3}},"3":{"start":{"line":11,"column":4},"end":{"line":11,"column":27}},"4":{"start":{"line":14,"column":2},"end":{"line":39,"column":4}},"5":{"start":{"line":18,"column":10},"end":{"line":29,"column":12}},"6":{"start":{"line":23,"column":16},"end":{"line":23,"column":40}},"7":{"start":{"line":24,"column":16},"end":{"line":24,"column":39}},"8":{"start":{"line":24,"column":32},"end":{"line":24,"column":39}},"9":{"start":{"line":25,"column":16},"end":{"line":25,"column":28}},"10":{"start":{"line":42,"column":0},"end":{"line":45,"column":2}}},"fnMap":{"0":{"name":"(anonymous_0)","decl":{"start":{"line":7,"column":16},"end":{"line":7,"column":17}},"loc":{"start":{"line":7,"column":42},"end":{"line":40,"column":1}},"line":7},"1":{"name":"(anonymous_1)","decl":{"start":{"line":10,"column":23},"end":{"line":10,"column":24}},"loc":{"start":{"line":10,"column":30},"end":{"line":12,"column":3}},"line":10},"2":{"name":"(anonymous_2)","decl":{"start":{"line":17,"column":8},"end":{"line":17,"column":9}},"loc":{"start":{"line":17,"column":19},"end":{"line":30,"column":9}},"line":17},"3":{"name":"(anonymous_3)","decl":{"start":{"line":22,"column":27},"end":{"line":22,"column":28}},"loc":{"start":{"line":22,"column":34},"end":{"line":26,"column":15}},"line":22}},"branchMap":{"0":{"loc":{"start":{"line":24,"column":16},"end":{"line":24,"column":39}},"type":"if","locations":[{"start":{"line":24,"column":16},"end":{"line":24,"column":39}},{"start":{"line":24,"column":16},"end":{"line":24,"column":39}}],"line":24}},"s":{"0":1,"1":1,"2":1,"3":0,"4":1,"5":6,"6":0,"7":0,"8":0,"9":0,"10":1},"f":{"0":1,"1":0,"2":6,"3":0},"b":{"0":[0,0]},"_coverageSchema":"1a1c01bbd47fc00a2c39e90264f33305004495a9","hash":"4dbb6a67b297b63409150bb5486e5898b683a8f7"}
,"/Users/ivelinakostadinova/Desktop/Work/movies/src/components/filter/Filter.js": {"path":"/Users/ivelinakostadinova/Desktop/Work/movies/src/components/filter/Filter.js","statementMap":{"0":{"start":{"line":6,"column":15},"end":{"line":20,"column":1}},"1":{"start":{"line":7,"column":22},"end":{"line":9,"column":3}},"2":{"start":{"line":8,"column":4},"end":{"line":8,"column":34}},"3":{"start":{"line":11,"column":2},"end":{"line":19,"column":4}},"4":{"start":{"line":22,"column":0},"end":{"line":26,"column":2}}},"fnMap":{"0":{"name":"(anonymous_0)","decl":{"start":{"line":6,"column":15},"end":{"line":6,"column":16}},"loc":{"start":{"line":6,"column":26},"end":{"line":20,"column":1}},"line":6},"1":{"name":"(anonymous_1)","decl":{"start":{"line":7,"column":22},"end":{"line":7,"column":23}},"loc":{"start":{"line":7,"column":28},"end":{"line":9,"column":3}},"line":7}},"branchMap":{"0":{"loc":{"start":{"line":13,"column":20},"end":{"line":13,"column":62}},"type":"cond-expr","locations":[{"start":{"line":13,"column":35},"end":{"line":13,"column":51}},{"start":{"line":13,"column":54},"end":{"line":13,"column":62}}],"line":13}},"s":{"0":2,"1":7,"2":0,"3":7,"4":2},"f":{"0":7,"1":0},"b":{"0":[0,7]},"_coverageSchema":"1a1c01bbd47fc00a2c39e90264f33305004495a9","hash":"3648bd411c6fa1bdb4933da7980d9022397bb322"}
,"/Users/ivelinakostadinova/Desktop/Work/movies/src/components/modals/AddMovie.js": {"path":"/Users/ivelinakostadinova/Desktop/Work/movies/src/components/modals/AddMovie.js","statementMap":{"0":{"start":{"line":11,"column":21},"end":{"line":18,"column":1}},"1":{"start":{"line":20,"column":24},"end":{"line":134,"column":1}},"2":{"start":{"line":21,"column":26},"end":{"line":21,"column":41}},"3":{"start":{"line":22,"column":28},"end":{"line":22,"column":50}},"4":{"start":{"line":24,"column":23},"end":{"line":32,"column":3}},"5":{"start":{"line":25,"column":16},"end":{"line":25,"column":34}},"6":{"start":{"line":26,"column":4},"end":{"line":30,"column":5}},"7":{"start":{"line":27,"column":6},"end":{"line":27,"column":30}},"8":{"start":{"line":28,"column":11},"end":{"line":30,"column":5}},"9":{"start":{"line":29,"column":6},"end":{"line":29,"column":22}},"10":{"start":{"line":31,"column":4},"end":{"line":31,"column":55}},"11":{"start":{"line":34,"column":34},"end":{"line":36,"column":3}},"12":{"start":{"line":35,"column":4},"end":{"line":35,"column":47}},"13":{"start":{"line":38,"column":22},"end":{"line":40,"column":3}},"14":{"start":{"line":39,"column":4},"end":{"line":39,"column":19}},"15":{"start":{"line":42,"column":22},"end":{"line":44,"column":3}},"16":{"start":{"line":43,"column":4},"end":{"line":43,"column":18}},"17":{"start":{"line":46,"column":23},"end":{"line":50,"column":3}},"18":{"start":{"line":47,"column":4},"end":{"line":47,"column":27}},"19":{"start":{"line":48,"column":4},"end":{"line":48,"column":21}},"20":{"start":{"line":49,"column":4},"end":{"line":49,"column":19}},"21":{"start":{"line":52,"column":2},"end":{"line":133,"column":4}},"22":{"start":{"line":99,"column":16},"end":{"line":103,"column":18}},"23":{"start":{"line":136,"column":0},"end":{"line":138,"column":2}},"24":{"start":{"line":141,"column":2},"end":{"line":143,"column":4}},"25":{"start":{"line":146,"column":27},"end":{"line":148,"column":1}}},"fnMap":{"0":{"name":"(anonymous_0)","decl":{"start":{"line":20,"column":24},"end":{"line":20,"column":25}},"loc":{"start":{"line":20,"column":43},"end":{"line":134,"column":1}},"line":20},"1":{"name":"(anonymous_1)","decl":{"start":{"line":24,"column":23},"end":{"line":24,"column":24}},"loc":{"start":{"line":24,"column":34},"end":{"line":32,"column":3}},"line":24},"2":{"name":"(anonymous_2)","decl":{"start":{"line":34,"column":34},"end":{"line":34,"column":35}},"loc":{"start":{"line":34,"column":44},"end":{"line":36,"column":3}},"line":34},"3":{"name":"(anonymous_3)","decl":{"start":{"line":38,"column":22},"end":{"line":38,"column":23}},"loc":{"start":{"line":38,"column":28},"end":{"line":40,"column":3}},"line":38},"4":{"name":"(anonymous_4)","decl":{"start":{"line":42,"column":22},"end":{"line":42,"column":23}},"loc":{"start":{"line":42,"column":28},"end":{"line":44,"column":3}},"line":42},"5":{"name":"(anonymous_5)","decl":{"start":{"line":46,"column":23},"end":{"line":46,"column":24}},"loc":{"start":{"line":46,"column":34},"end":{"line":50,"column":3}},"line":46},"6":{"name":"(anonymous_6)","decl":{"start":{"line":98,"column":14},"end":{"line":98,"column":15}},"loc":{"start":{"line":98,"column":25},"end":{"line":104,"column":15}},"line":98},"7":{"name":"mapStateToProps","decl":{"start":{"line":140,"column":9},"end":{"line":140,"column":24}},"loc":{"start":{"line":140,"column":32},"end":{"line":144,"column":1}},"line":140}},"branchMap":{"0":{"loc":{"start":{"line":26,"column":4},"end":{"line":30,"column":5}},"type":"if","locations":[{"start":{"line":26,"column":4},"end":{"line":30,"column":5}},{"start":{"line":26,"column":4},"end":{"line":30,"column":5}}],"line":26},"1":{"loc":{"start":{"line":28,"column":11},"end":{"line":30,"column":5}},"type":"if","locations":[{"start":{"line":28,"column":11},"end":{"line":30,"column":5}},{"start":{"line":28,"column":11},"end":{"line":30,"column":5}}],"line":28}},"s":{"0":1,"1":1,"2":9,"3":9,"4":9,"5":0,"6":0,"7":0,"8":0,"9":0,"10":0,"11":9,"12":0,"13":9,"14":1,"15":9,"16":1,"17":9,"18":1,"19":1,"20":1,"21":9,"22":45,"23":1,"24":0,"25":1},"f":{"0":9,"1":0,"2":0,"3":1,"4":1,"5":1,"6":45,"7":0},"b":{"0":[0,0],"1":[0,0]},"_coverageSchema":"1a1c01bbd47fc00a2c39e90264f33305004495a9","hash":"594c5a7b8bc0d80729afdc82bffb5ec7f94260c5"}
,"/Users/ivelinakostadinova/Desktop/Work/movies/src/components/modals/DeleteMovie.js": {"path":"/Users/ivelinakostadinova/Desktop/Work/movies/src/components/modals/DeleteMovie.js","statementMap":{"0":{"start":{"line":11,"column":27},"end":{"line":54,"column":1}},"1":{"start":{"line":12,"column":26},"end":{"line":12,"column":41}},"2":{"start":{"line":14,"column":22},"end":{"line":16,"column":3}},"3":{"start":{"line":15,"column":4},"end":{"line":15,"column":19}},"4":{"start":{"line":18,"column":22},"end":{"line":20,"column":3}},"5":{"start":{"line":19,"column":4},"end":{"line":19,"column":18}},"6":{"start":{"line":22,"column":23},"end":{"line":26,"column":3}},"7":{"start":{"line":23,"column":4},"end":{"line":23,"column":27}},"8":{"start":{"line":24,"column":4},"end":{"line":24,"column":31}},"9":{"start":{"line":25,"column":4},"end":{"line":25,"column":19}},"10":{"start":{"line":28,"column":2},"end":{"line":53,"column":4}},"11":{"start":{"line":56,"column":0},"end":{"line":59,"column":2}},"12":{"start":{"line":62,"column":2},"end":{"line":64,"column":4}},"13":{"start":{"line":67,"column":27},"end":{"line":69,"column":1}}},"fnMap":{"0":{"name":"(anonymous_0)","decl":{"start":{"line":11,"column":27},"end":{"line":11,"column":28}},"loc":{"start":{"line":11,"column":63},"end":{"line":54,"column":1}},"line":11},"1":{"name":"(anonymous_1)","decl":{"start":{"line":14,"column":22},"end":{"line":14,"column":23}},"loc":{"start":{"line":14,"column":28},"end":{"line":16,"column":3}},"line":14},"2":{"name":"(anonymous_2)","decl":{"start":{"line":18,"column":22},"end":{"line":18,"column":23}},"loc":{"start":{"line":18,"column":28},"end":{"line":20,"column":3}},"line":18},"3":{"name":"(anonymous_3)","decl":{"start":{"line":22,"column":23},"end":{"line":22,"column":24}},"loc":{"start":{"line":22,"column":34},"end":{"line":26,"column":3}},"line":22},"4":{"name":"mapStateToProps","decl":{"start":{"line":61,"column":9},"end":{"line":61,"column":24}},"loc":{"start":{"line":61,"column":32},"end":{"line":65,"column":1}},"line":61}},"branchMap":{},"s":{"0":1,"1":5,"2":5,"3":0,"4":5,"5":1,"6":5,"7":1,"8":1,"9":1,"10":5,"11":1,"12":0,"13":1},"f":{"0":5,"1":0,"2":1,"3":1,"4":0},"b":{},"_coverageSchema":"1a1c01bbd47fc00a2c39e90264f33305004495a9","hash":"c59f0e9ff9dc62826606edc683a763b80405bf46"}
,"/Users/ivelinakostadinova/Desktop/Work/movies/src/components/modals/EditMovie.js": {"path":"/Users/ivelinakostadinova/Desktop/Work/movies/src/components/modals/EditMovie.js","statementMap":{"0":{"start":{"line":12,"column":25},"end":{"line":138,"column":1}},"1":{"start":{"line":13,"column":23},"end":{"line":21,"column":3}},"2":{"start":{"line":23,"column":26},"end":{"line":23,"column":41}},"3":{"start":{"line":24,"column":28},"end":{"line":24,"column":50}},"4":{"start":{"line":26,"column":23},"end":{"line":34,"column":3}},"5":{"start":{"line":27,"column":16},"end":{"line":27,"column":34}},"6":{"start":{"line":28,"column":4},"end":{"line":32,"column":5}},"7":{"start":{"line":29,"column":6},"end":{"line":29,"column":30}},"8":{"start":{"line":30,"column":11},"end":{"line":32,"column":5}},"9":{"start":{"line":31,"column":6},"end":{"line":31,"column":22}},"10":{"start":{"line":33,"column":4},"end":{"line":33,"column":55}},"11":{"start":{"line":36,"column":34},"end":{"line":38,"column":3}},"12":{"start":{"line":37,"column":4},"end":{"line":37,"column":47}},"13":{"start":{"line":40,"column":22},"end":{"line":42,"column":3}},"14":{"start":{"line":41,"column":4},"end":{"line":41,"column":19}},"15":{"start":{"line":44,"column":22},"end":{"line":46,"column":3}},"16":{"start":{"line":45,"column":4},"end":{"line":45,"column":18}},"17":{"start":{"line":48,"column":23},"end":{"line":52,"column":3}},"18":{"start":{"line":49,"column":4},"end":{"line":49,"column":27}},"19":{"start":{"line":50,"column":4},"end":{"line":50,"column":21}},"20":{"start":{"line":51,"column":4},"end":{"line":51,"column":19}},"21":{"start":{"line":54,"column":2},"end":{"line":137,"column":4}},"22":{"start":{"line":102,"column":16},"end":{"line":106,"column":18}},"23":{"start":{"line":140,"column":0},"end":{"line":143,"column":2}},"24":{"start":{"line":146,"column":2},"end":{"line":148,"column":4}},"25":{"start":{"line":151,"column":27},"end":{"line":153,"column":1}}},"fnMap":{"0":{"name":"(anonymous_0)","decl":{"start":{"line":12,"column":25},"end":{"line":12,"column":26}},"loc":{"start":{"line":12,"column":57},"end":{"line":138,"column":1}},"line":12},"1":{"name":"(anonymous_1)","decl":{"start":{"line":26,"column":23},"end":{"line":26,"column":24}},"loc":{"start":{"line":26,"column":34},"end":{"line":34,"column":3}},"line":26},"2":{"name":"(anonymous_2)","decl":{"start":{"line":36,"column":34},"end":{"line":36,"column":35}},"loc":{"start":{"line":36,"column":44},"end":{"line":38,"column":3}},"line":36},"3":{"name":"(anonymous_3)","decl":{"start":{"line":40,"column":22},"end":{"line":40,"column":23}},"loc":{"start":{"line":40,"column":28},"end":{"line":42,"column":3}},"line":40},"4":{"name":"(anonymous_4)","decl":{"start":{"line":44,"column":22},"end":{"line":44,"column":23}},"loc":{"start":{"line":44,"column":28},"end":{"line":46,"column":3}},"line":44},"5":{"name":"(anonymous_5)","decl":{"start":{"line":48,"column":23},"end":{"line":48,"column":24}},"loc":{"start":{"line":48,"column":34},"end":{"line":52,"column":3}},"line":48},"6":{"name":"(anonymous_6)","decl":{"start":{"line":101,"column":14},"end":{"line":101,"column":15}},"loc":{"start":{"line":101,"column":25},"end":{"line":107,"column":15}},"line":101},"7":{"name":"mapStateToProps","decl":{"start":{"line":145,"column":9},"end":{"line":145,"column":24}},"loc":{"start":{"line":145,"column":32},"end":{"line":149,"column":1}},"line":145}},"branchMap":{"0":{"loc":{"start":{"line":28,"column":4},"end":{"line":32,"column":5}},"type":"if","locations":[{"start":{"line":28,"column":4},"end":{"line":32,"column":5}},{"start":{"line":28,"column":4},"end":{"line":32,"column":5}}],"line":28},"1":{"loc":{"start":{"line":30,"column":11},"end":{"line":32,"column":5}},"type":"if","locations":[{"start":{"line":30,"column":11},"end":{"line":32,"column":5}},{"start":{"line":30,"column":11},"end":{"line":32,"column":5}}],"line":30}},"s":{"0":1,"1":7,"2":7,"3":7,"4":7,"5":0,"6":0,"7":0,"8":0,"9":0,"10":0,"11":7,"12":0,"13":7,"14":1,"15":7,"16":1,"17":7,"18":1,"19":1,"20":1,"21":7,"22":35,"23":1,"24":0,"25":1},"f":{"0":7,"1":0,"2":0,"3":1,"4":1,"5":1,"6":35,"7":0},"b":{"0":[0,0],"1":[0,0]},"_coverageSchema":"1a1c01bbd47fc00a2c39e90264f33305004495a9","hash":"cc12975fe4136ebb461ba8428cc8676e1e12e331"}
,"/Users/ivelinakostadinova/Desktop/Work/movies/src/components/search/Search.js": {"path":"/Users/ivelinakostadinova/Desktop/Work/movies/src/components/search/Search.js","statementMap":{"0":{"start":{"line":6,"column":15},"end":{"line":31,"column":1}},"1":{"start":{"line":7,"column":26},"end":{"line":7,"column":38}},"2":{"start":{"line":9,"column":23},"end":{"line":11,"column":3}},"3":{"start":{"line":10,"column":4},"end":{"line":10,"column":28}},"4":{"start":{"line":13,"column":22},"end":{"line":15,"column":3}},"5":{"start":{"line":14,"column":4},"end":{"line":14,"column":19}},"6":{"start":{"line":17,"column":2},"end":{"line":30,"column":4}},"7":{"start":{"line":33,"column":0},"end":{"line":35,"column":2}}},"fnMap":{"0":{"name":"(anonymous_0)","decl":{"start":{"line":6,"column":15},"end":{"line":6,"column":16}},"loc":{"start":{"line":6,"column":33},"end":{"line":31,"column":1}},"line":6},"1":{"name":"(anonymous_1)","decl":{"start":{"line":9,"column":23},"end":{"line":9,"column":24}},"loc":{"start":{"line":9,"column":30},"end":{"line":11,"column":3}},"line":9},"2":{"name":"(anonymous_2)","decl":{"start":{"line":13,"column":22},"end":{"line":13,"column":23}},"loc":{"start":{"line":13,"column":28},"end":{"line":15,"column":3}},"line":13}},"branchMap":{},"s":{"0":1,"1":1,"2":1,"3":0,"4":1,"5":0,"6":1,"7":1},"f":{"0":1,"1":0,"2":0},"b":{},"_coverageSchema":"1a1c01bbd47fc00a2c39e90264f33305004495a9","hash":"0f5ceff7a120f7fb88e06f9daa21f971265905dd"}
,"/Users/ivelinakostadinova/Desktop/Work/movies/src/redux/actions/actionTypes.js": {"path":"/Users/ivelinakostadinova/Desktop/Work/movies/src/redux/actions/actionTypes.js","statementMap":{"0":{"start":{"line":1,"column":35},"end":{"line":1,"column":56}},"1":{"start":{"line":2,"column":34},"end":{"line":2,"column":54}},"2":{"start":{"line":3,"column":36},"end":{"line":3,"column":58}},"3":{"start":{"line":4,"column":36},"end":{"line":4,"column":58}},"4":{"start":{"line":5,"column":36},"end":{"line":5,"column":58}}},"fnMap":{},"branchMap":{},"s":{"0":6,"1":6,"2":6,"3":6,"4":6},"f":{},"b":{},"_coverageSchema":"1a1c01bbd47fc00a2c39e90264f33305004495a9","hash":"6cea28841bdf8bab65d9064a65317ce0939b2e3f"}
,"/Users/ivelinakostadinova/Desktop/Work/movies/src/redux/actions/movieActions.js": {"path":"/Users/ivelinakostadinova/Desktop/Work/movies/src/redux/actions/movieActions.js","statementMap":{"0":{"start":{"line":5,"column":2},"end":{"line":5,"column":53}},"1":{"start":{"line":9,"column":2},"end":{"line":9,"column":51}},"2":{"start":{"line":13,"column":2},"end":{"line":13,"column":53}},"3":{"start":{"line":17,"column":2},"end":{"line":17,"column":53}},"4":{"start":{"line":21,"column":2},"end":{"line":21,"column":53}},"5":{"start":{"line":25,"column":2},"end":{"line":34,"column":4}},"6":{"start":{"line":26,"column":4},"end":{"line":33,"column":9}},"7":{"start":{"line":29,"column":8},"end":{"line":29,"column":51}},"8":{"start":{"line":32,"column":8},"end":{"line":32,"column":53}},"9":{"start":{"line":38,"column":2},"end":{"line":47,"column":4}},"10":{"start":{"line":39,"column":4},"end":{"line":46,"column":9}},"11":{"start":{"line":42,"column":8},"end":{"line":42,"column":45}},"12":{"start":{"line":45,"column":8},"end":{"line":45,"column":52}},"13":{"start":{"line":51,"column":2},"end":{"line":62,"column":4}},"14":{"start":{"line":52,"column":4},"end":{"line":61,"column":9}},"15":{"start":{"line":55,"column":8},"end":{"line":57,"column":53}},"16":{"start":{"line":60,"column":8},"end":{"line":60,"column":51}},"17":{"start":{"line":66,"column":2},"end":{"line":75,"column":4}},"18":{"start":{"line":67,"column":4},"end":{"line":74,"column":9}},"19":{"start":{"line":70,"column":8},"end":{"line":70,"column":51}},"20":{"start":{"line":73,"column":8},"end":{"line":73,"column":53}}},"fnMap":{"0":{"name":"loadMoviesSuccess","decl":{"start":{"line":4,"column":16},"end":{"line":4,"column":33}},"loc":{"start":{"line":4,"column":42},"end":{"line":6,"column":1}},"line":4},"1":{"name":"loadMovieSuccess","decl":{"start":{"line":8,"column":16},"end":{"line":8,"column":32}},"loc":{"start":{"line":8,"column":40},"end":{"line":10,"column":1}},"line":8},"2":{"name":"createMovieSuccess","decl":{"start":{"line":12,"column":16},"end":{"line":12,"column":34}},"loc":{"start":{"line":12,"column":42},"end":{"line":14,"column":1}},"line":12},"3":{"name":"updateMovieSuccess","decl":{"start":{"line":16,"column":16},"end":{"line":16,"column":34}},"loc":{"start":{"line":16,"column":42},"end":{"line":18,"column":1}},"line":16},"4":{"name":"deleteMovieSuccess","decl":{"start":{"line":20,"column":16},"end":{"line":20,"column":34}},"loc":{"start":{"line":20,"column":42},"end":{"line":22,"column":1}},"line":20},"5":{"name":"loadMovies","decl":{"start":{"line":24,"column":16},"end":{"line":24,"column":26}},"loc":{"start":{"line":24,"column":55},"end":{"line":35,"column":1}},"line":24},"6":{"name":"(anonymous_6)","decl":{"start":{"line":25,"column":9},"end":{"line":25,"column":10}},"loc":{"start":{"line":25,"column":29},"end":{"line":34,"column":3}},"line":25},"7":{"name":"(anonymous_7)","decl":{"start":{"line":28,"column":12},"end":{"line":28,"column":13}},"loc":{"start":{"line":28,"column":26},"end":{"line":30,"column":7}},"line":28},"8":{"name":"(anonymous_8)","decl":{"start":{"line":31,"column":13},"end":{"line":31,"column":14}},"loc":{"start":{"line":31,"column":24},"end":{"line":33,"column":7}},"line":31},"9":{"name":"loadMovie","decl":{"start":{"line":37,"column":16},"end":{"line":37,"column":25}},"loc":{"start":{"line":37,"column":30},"end":{"line":48,"column":1}},"line":37},"10":{"name":"(anonymous_10)","decl":{"start":{"line":38,"column":9},"end":{"line":38,"column":10}},"loc":{"start":{"line":38,"column":29},"end":{"line":47,"column":3}},"line":38},"11":{"name":"(anonymous_11)","decl":{"start":{"line":41,"column":12},"end":{"line":41,"column":13}},"loc":{"start":{"line":41,"column":26},"end":{"line":43,"column":7}},"line":41},"12":{"name":"(anonymous_12)","decl":{"start":{"line":44,"column":13},"end":{"line":44,"column":14}},"loc":{"start":{"line":44,"column":24},"end":{"line":46,"column":7}},"line":44},"13":{"name":"saveMovie","decl":{"start":{"line":50,"column":16},"end":{"line":50,"column":25}},"loc":{"start":{"line":50,"column":33},"end":{"line":63,"column":1}},"line":50},"14":{"name":"(anonymous_14)","decl":{"start":{"line":51,"column":9},"end":{"line":51,"column":10}},"loc":{"start":{"line":51,"column":29},"end":{"line":62,"column":3}},"line":51},"15":{"name":"(anonymous_15)","decl":{"start":{"line":54,"column":12},"end":{"line":54,"column":13}},"loc":{"start":{"line":54,"column":28},"end":{"line":58,"column":7}},"line":54},"16":{"name":"(anonymous_16)","decl":{"start":{"line":59,"column":13},"end":{"line":59,"column":14}},"loc":{"start":{"line":59,"column":24},"end":{"line":61,"column":7}},"line":59},"17":{"name":"deleteMovie","decl":{"start":{"line":65,"column":16},"end":{"line":65,"column":27}},"loc":{"start":{"line":65,"column":35},"end":{"line":76,"column":1}},"line":65},"18":{"name":"(anonymous_18)","decl":{"start":{"line":66,"column":9},"end":{"line":66,"column":10}},"loc":{"start":{"line":66,"column":29},"end":{"line":75,"column":3}},"line":66},"19":{"name":"(anonymous_19)","decl":{"start":{"line":69,"column":12},"end":{"line":69,"column":13}},"loc":{"start":{"line":69,"column":30},"end":{"line":71,"column":7}},"line":69},"20":{"name":"(anonymous_20)","decl":{"start":{"line":72,"column":13},"end":{"line":72,"column":14}},"loc":{"start":{"line":72,"column":24},"end":{"line":74,"column":7}},"line":72}},"branchMap":{"0":{"loc":{"start":{"line":55,"column":8},"end":{"line":57,"column":52}},"type":"cond-expr","locations":[{"start":{"line":56,"column":12},"end":{"line":56,"column":52}},{"start":{"line":57,"column":12},"end":{"line":57,"column":52}}],"line":55}},"s":{"0":3,"1":3,"2":4,"3":3,"4":3,"5":2,"6":2,"7":1,"8":1,"9":2,"10":2,"11":1,"12":1,"13":4,"14":4,"15":2,"16":2,"17":2,"18":2,"19":1,"20":1},"f":{"0":3,"1":3,"2":4,"3":3,"4":3,"5":2,"6":2,"7":1,"8":1,"9":2,"10":2,"11":1,"12":1,"13":4,"14":4,"15":2,"16":2,"17":2,"18":2,"19":1,"20":1},"b":{"0":[1,1]},"_coverageSchema":"1a1c01bbd47fc00a2c39e90264f33305004495a9","hash":"01534290dae5c378f994c6ddb702578984bebd27"}
,"/Users/ivelinakostadinova/Desktop/Work/movies/src/redux/reducers/index.js": {"path":"/Users/ivelinakostadinova/Desktop/Work/movies/src/redux/reducers/index.js","statementMap":{"0":{"start":{"line":4,"column":20},"end":{"line":6,"column":2}}},"fnMap":{},"branchMap":{},"s":{"0":1},"f":{},"b":{},"_coverageSchema":"1a1c01bbd47fc00a2c39e90264f33305004495a9","hash":"219d3a55e20fbdd9312a1604fcb08b841fb0d3a7"}
,"/Users/ivelinakostadinova/Desktop/Work/movies/src/redux/reducers/movieReducer.js": {"path":"/Users/ivelinakostadinova/Desktop/Work/movies/src/redux/reducers/movieReducer.js","statementMap":{"0":{"start":{"line":4,"column":2},"end":{"line":23,"column":3}},"1":{"start":{"line":6,"column":6},"end":{"line":6,"column":45}},"2":{"start":{"line":8,"column":6},"end":{"line":10,"column":9}},"3":{"start":{"line":9,"column":8},"end":{"line":9,"column":67}},"4":{"start":{"line":12,"column":6},"end":{"line":14,"column":9}},"5":{"start":{"line":13,"column":8},"end":{"line":13,"column":44}},"6":{"start":{"line":16,"column":6},"end":{"line":16,"column":27}},"7":{"start":{"line":18,"column":6},"end":{"line":20,"column":9}},"8":{"start":{"line":19,"column":8},"end":{"line":19,"column":67}},"9":{"start":{"line":22,"column":6},"end":{"line":22,"column":19}}},"fnMap":{"0":{"name":"movieReducer","decl":{"start":{"line":3,"column":24},"end":{"line":3,"column":36}},"loc":{"start":{"line":3,"column":57},"end":{"line":24,"column":1}},"line":3},"1":{"name":"(anonymous_1)","decl":{"start":{"line":8,"column":23},"end":{"line":8,"column":24}},"loc":{"start":{"line":8,"column":34},"end":{"line":10,"column":7}},"line":8},"2":{"name":"(anonymous_2)","decl":{"start":{"line":12,"column":26},"end":{"line":12,"column":27}},"loc":{"start":{"line":12,"column":37},"end":{"line":14,"column":7}},"line":12},"3":{"name":"(anonymous_3)","decl":{"start":{"line":18,"column":23},"end":{"line":18,"column":24}},"loc":{"start":{"line":18,"column":34},"end":{"line":20,"column":7}},"line":18}},"branchMap":{"0":{"loc":{"start":{"line":3,"column":37},"end":{"line":3,"column":47}},"type":"default-arg","locations":[{"start":{"line":3,"column":45},"end":{"line":3,"column":47}}],"line":3},"1":{"loc":{"start":{"line":4,"column":2},"end":{"line":23,"column":3}},"type":"switch","locations":[{"start":{"line":5,"column":4},"end":{"line":6,"column":45}},{"start":{"line":7,"column":4},"end":{"line":10,"column":9}},{"start":{"line":11,"column":4},"end":{"line":14,"column":9}},{"start":{"line":15,"column":4},"end":{"line":16,"column":27}},{"start":{"line":17,"column":4},"end":{"line":20,"column":9}},{"start":{"line":21,"column":4},"end":{"line":22,"column":19}}],"line":4},"2":{"loc":{"start":{"line":9,"column":15},"end":{"line":9,"column":66}},"type":"cond-expr","locations":[{"start":{"line":9,"column":46},"end":{"line":9,"column":58}},{"start":{"line":9,"column":61},"end":{"line":9,"column":66}}],"line":9},"3":{"loc":{"start":{"line":19,"column":15},"end":{"line":19,"column":66}},"type":"cond-expr","locations":[{"start":{"line":19,"column":46},"end":{"line":19,"column":58}},{"start":{"line":19,"column":61},"end":{"line":19,"column":66}}],"line":19}},"s":{"0":9,"1":2,"2":1,"3":2,"4":1,"5":2,"6":1,"7":1,"8":2,"9":3},"f":{"0":9,"1":2,"2":2,"3":2},"b":{"0":[3],"1":[2,1,1,1,1,3],"2":[1,1],"3":[0,2]},"_coverageSchema":"1a1c01bbd47fc00a2c39e90264f33305004495a9","hash":"3bc0906f865ac5a568da5e1ea88b35b2a1fceeb9"}
,"/Users/ivelinakostadinova/Desktop/Work/movies/src/tools/mockData.js": {"path":"/Users/ivelinakostadinova/Desktop/Work/movies/src/tools/mockData.js","statementMap":{"0":{"start":{"line":1,"column":22},"end":{"line":41,"column":1}}},"fnMap":{},"branchMap":{},"s":{"0":3},"f":{},"b":{},"_coverageSchema":"1a1c01bbd47fc00a2c39e90264f33305004495a9","hash":"a8c6da8457c7cb6488018984a679ab81bcef3b21"}
,"/Users/ivelinakostadinova/Desktop/Work/movies/src/tools/styleMock.js": {"path":"/Users/ivelinakostadinova/Desktop/Work/movies/src/tools/styleMock.js","statementMap":{"0":{"start":{"line":2,"column":0},"end":{"line":2,"column":20}}},"fnMap":{},"branchMap":{},"s":{"0":6},"f":{},"b":{},"_coverageSchema":"1a1c01bbd47fc00a2c39e90264f33305004495a9","hash":"1ac1d1c91490914a37ed4624c4cca6913e9e61d5"}
}
