TN:
SF:src/api/apiUtils.js
FN:1,handleResponse
FN:13,handleError
FNF:2
FNH:2
FNDA:5,handleResponse
FNDA:5,handleError
DA:2,5
DA:3,0
DA:6,0
DA:7,0
DA:9,0
DA:15,5
DA:16,5
LF:7
LH:3
BRDA:2,0,0,5
BRDA:2,0,1,0
BRDA:3,1,0,0
BRDA:3,1,1,0
BRF:4
BRH:1
end_of_record
TN:
SF:src/api/movieApi.js
FN:5,getMovies
FN:32,getMovie
FN:39,saveMovie
FN:49,deleteMovie
FNF:4
FNH:4
FNDA:2,getMovies
FNDA:2,getMovie
FNDA:4,saveMovie
FNDA:2,deleteMovie
DA:3,6
DA:6,2
DA:7,2
DA:8,2
DA:9,2
DA:11,2
DA:12,2
DA:13,2
DA:16,2
DA:17,2
DA:20,2
DA:21,0
DA:22,0
DA:25,2
DA:27,2
DA:34,2
DA:40,4
DA:51,2
LF:18
LH:16
BRDA:11,0,0,2
BRDA:11,0,1,0
BRDA:16,1,0,2
BRDA:16,1,1,0
BRDA:20,2,0,0
BRDA:20,2,1,2
BRDA:41,3,0,2
BRDA:41,3,1,2
BRF:8
BRH:5
end_of_record
TN:
SF:src/components/actions/Actions.js
FN:7,(anonymous_0)
FN:10,(anonymous_1)
FN:17,(anonymous_2)
FN:22,(anonymous_3)
FNF:4
FNH:2
FNDA:1,(anonymous_0)
FNDA:0,(anonymous_1)
FNDA:6,(anonymous_2)
FNDA:0,(anonymous_3)
DA:7,1
DA:8,1
DA:10,1
DA:11,0
DA:14,1
DA:18,6
DA:23,0
DA:24,0
DA:25,0
DA:42,1
LF:10
LH:6
BRDA:24,0,0,0
BRDA:24,0,1,0
BRF:2
BRH:0
end_of_record
TN:
SF:src/components/filter/Filter.js
FN:6,(anonymous_0)
FN:7,(anonymous_1)
FNF:2
FNH:1
FNDA:7,(anonymous_0)
FNDA:0,(anonymous_1)
DA:6,2
DA:7,7
DA:8,0
DA:11,7
DA:22,2
LF:5
LH:4
BRDA:13,0,0,0
BRDA:13,0,1,7
BRF:2
BRH:1
end_of_record
TN:
SF:src/components/modals/AddMovie.js
FN:20,(anonymous_0)
FN:24,(anonymous_1)
FN:34,(anonymous_2)
FN:38,(anonymous_3)
FN:42,(anonymous_4)
FN:46,(anonymous_5)
FN:98,(anonymous_6)
FN:140,mapStateToProps
FNF:8
FNH:5
FNDA:9,(anonymous_0)
FNDA:0,(anonymous_1)
FNDA:0,(anonymous_2)
FNDA:1,(anonymous_3)
FNDA:1,(anonymous_4)
FNDA:1,(anonymous_5)
FNDA:45,(anonymous_6)
FNDA:0,mapStateToProps
DA:11,1
DA:20,1
DA:21,9
DA:22,9
DA:24,9
DA:25,0
DA:26,0
DA:27,0
DA:28,0
DA:29,0
DA:31,0
DA:34,9
DA:35,0
DA:38,9
DA:39,1
DA:42,9
DA:43,1
DA:46,9
DA:47,1
DA:48,1
DA:49,1
DA:52,9
DA:99,45
DA:136,1
DA:141,0
DA:146,1
LF:26
LH:18
BRDA:26,0,0,0
BRDA:26,0,1,0
BRDA:28,1,0,0
BRDA:28,1,1,0
BRF:4
BRH:0
end_of_record
TN:
SF:src/components/modals/DeleteMovie.js
FN:11,(anonymous_0)
FN:14,(anonymous_1)
FN:18,(anonymous_2)
FN:22,(anonymous_3)
FN:61,mapStateToProps
FNF:5
FNH:3
FNDA:5,(anonymous_0)
FNDA:0,(anonymous_1)
FNDA:1,(anonymous_2)
FNDA:1,(anonymous_3)
FNDA:0,mapStateToProps
DA:11,1
DA:12,5
DA:14,5
DA:15,0
DA:18,5
DA:19,1
DA:22,5
DA:23,1
DA:24,1
DA:25,1
DA:28,5
DA:56,1
DA:62,0
DA:67,1
LF:14
LH:12
BRF:0
BRH:0
end_of_record
TN:
SF:src/components/modals/EditMovie.js
FN:12,(anonymous_0)
FN:26,(anonymous_1)
FN:36,(anonymous_2)
FN:40,(anonymous_3)
FN:44,(anonymous_4)
FN:48,(anonymous_5)
FN:101,(anonymous_6)
FN:145,mapStateToProps
FNF:8
FNH:5
FNDA:7,(anonymous_0)
FNDA:0,(anonymous_1)
FNDA:0,(anonymous_2)
FNDA:1,(anonymous_3)
FNDA:1,(anonymous_4)
FNDA:1,(anonymous_5)
FNDA:35,(anonymous_6)
FNDA:0,mapStateToProps
DA:12,1
DA:13,7
DA:23,7
DA:24,7
DA:26,7
DA:27,0
DA:28,0
DA:29,0
DA:30,0
DA:31,0
DA:33,0
DA:36,7
DA:37,0
DA:40,7
DA:41,1
DA:44,7
DA:45,1
DA:48,7
DA:49,1
DA:50,1
DA:51,1
DA:54,7
DA:102,35
DA:140,1
DA:146,0
DA:151,1
LF:26
LH:18
BRDA:28,0,0,0
BRDA:28,0,1,0
BRDA:30,1,0,0
BRDA:30,1,1,0
BRF:4
BRH:0
end_of_record
TN:
SF:src/components/search/Search.js
FN:6,(anonymous_0)
FN:9,(anonymous_1)
FN:13,(anonymous_2)
FNF:3
FNH:1
FNDA:1,(anonymous_0)
FNDA:0,(anonymous_1)
FNDA:0,(anonymous_2)
DA:6,1
DA:7,1
DA:9,1
DA:10,0
DA:13,1
DA:14,0
DA:17,1
DA:33,1
LF:8
LH:6
BRF:0
BRH:0
end_of_record
TN:
SF:src/redux/actions/actionTypes.js
FNF:0
FNH:0
DA:1,6
DA:2,6
DA:3,6
DA:4,6
DA:5,6
LF:5
LH:5
BRF:0
BRH:0
end_of_record
TN:
SF:src/redux/actions/movieActions.js
FN:4,loadMoviesSuccess
FN:8,loadMovieSuccess
FN:12,createMovieSuccess
FN:16,updateMovieSuccess
FN:20,deleteMovieSuccess
FN:24,loadMovies
FN:25,(anonymous_6)
FN:28,(anonymous_7)
FN:31,(anonymous_8)
FN:37,loadMovie
FN:38,(anonymous_10)
FN:41,(anonymous_11)
FN:44,(anonymous_12)
FN:50,saveMovie
FN:51,(anonymous_14)
FN:54,(anonymous_15)
FN:59,(anonymous_16)
FN:65,deleteMovie
FN:66,(anonymous_18)
FN:69,(anonymous_19)
FN:72,(anonymous_20)
FNF:21
FNH:21
FNDA:3,loadMoviesSuccess
FNDA:3,loadMovieSuccess
FNDA:4,createMovieSuccess
FNDA:3,updateMovieSuccess
FNDA:3,deleteMovieSuccess
FNDA:2,loadMovies
FNDA:2,(anonymous_6)
FNDA:1,(anonymous_7)
FNDA:1,(anonymous_8)
FNDA:2,loadMovie
FNDA:2,(anonymous_10)
FNDA:1,(anonymous_11)
FNDA:1,(anonymous_12)
FNDA:4,saveMovie
FNDA:4,(anonymous_14)
FNDA:2,(anonymous_15)
FNDA:2,(anonymous_16)
FNDA:2,deleteMovie
FNDA:2,(anonymous_18)
FNDA:1,(anonymous_19)
FNDA:1,(anonymous_20)
DA:5,3
DA:9,3
DA:13,4
DA:17,3
DA:21,3
DA:25,2
DA:26,2
DA:29,1
DA:32,1
DA:38,2
DA:39,2
DA:42,1
DA:45,1
DA:51,4
DA:52,4
DA:55,2
DA:60,2
DA:66,2
DA:67,2
DA:70,1
DA:73,1
LF:21
LH:21
BRDA:55,0,0,1
BRDA:55,0,1,1
BRF:2
BRH:2
end_of_record
TN:
SF:src/redux/reducers/index.js
FNF:0
FNH:0
DA:4,1
LF:1
LH:1
BRF:0
BRH:0
end_of_record
TN:
SF:src/redux/reducers/movieReducer.js
FN:3,movieReducer
FN:8,(anonymous_1)
FN:12,(anonymous_2)
FN:18,(anonymous_3)
FNF:4
FNH:4
FNDA:9,movieReducer
FNDA:2,(anonymous_1)
FNDA:2,(anonymous_2)
FNDA:2,(anonymous_3)
DA:4,9
DA:6,2
DA:8,1
DA:9,2
DA:12,1
DA:13,2
DA:16,1
DA:18,1
DA:19,2
DA:22,3
LF:10
LH:10
BRDA:3,0,0,3
BRDA:4,1,0,2
BRDA:4,1,1,1
BRDA:4,1,2,1
BRDA:4,1,3,1
BRDA:4,1,4,1
BRDA:4,1,5,3
BRDA:9,2,0,1
BRDA:9,2,1,1
BRDA:19,3,0,0
BRDA:19,3,1,2
BRF:11
BRH:10
end_of_record
TN:
SF:src/tools/mockData.js
FNF:0
FNH:0
DA:1,3
LF:1
LH:1
BRF:0
BRH:0
end_of_record
TN:
SF:src/tools/styleMock.js
FNF:0
FNH:0
DA:2,6
LF:1
LH:1
BRF:0
BRH:0
end_of_record
